0 info it worked if it ends with ok
1 verbose cli [ 'C:\\Program Files\\nodejs\\node.exe',
1 verbose cli   'C:\\Users\\Tatyana\\AppData\\Roaming\\npm\\node_modules\\npm\\bin\\npm-cli.js',
1 verbose cli   'run',
1 verbose cli   'start' ]
2 info using npm@4.1.2
3 info using node@v7.8.0
4 verbose run-script [ 'prestart', 'start', 'poststart' ]
5 info lifecycle node-js-getting-started@0.2.5~prestart: node-js-getting-started@0.2.5
6 silly lifecycle node-js-getting-started@0.2.5~prestart: no script for prestart, continuing
7 info lifecycle node-js-getting-started@0.2.5~start: node-js-getting-started@0.2.5
8 verbose lifecycle node-js-getting-started@0.2.5~start: unsafe-perm in lifecycle true
9 verbose lifecycle node-js-getting-started@0.2.5~start: PATH: C:\Users\Tatyana\AppData\Roaming\npm\node_modules\npm\bin\node-gyp-bin;C:\toGit\about_portal\node_modules\.bin;C:\Python27\;C:\Python27\Scripts;C:\ProgramData\Oracle\Java\javapath;C:\Program Files (x86)\NVIDIA Corporation\PhysX\Common;C:\Program Files (x86)\Intel\iCLS Client\;C:\Program Files\Intel\iCLS Client\;C:\Program Files\Broadcom\Broadcom 802.11 Network Adapter;C:\WINDOWS\system32;C:\WINDOWS;C:\WINDOWS\System32\Wbem;C:\WINDOWS\System32\WindowsPowerShell\v1.0\;C:\Program Files\Intel\Intel(R) Management Engine Components\DAL;C:\Program Files\Intel\Intel(R) Management Engine Components\IPT;C:\Program Files (x86)\Intel\Intel(R) Management Engine Components\DAL;C:\Program Files (x86)\Intel\Intel(R) Management Engine Components\IPT;C:\Program Files\WIDCOMM\Bluetooth Software\;C:\Program Files\WIDCOMM\Bluetooth Software\syswow64;C:\Program Files (x86)\Intel\OpenCL SDK\2.0\bin\x86;C:\Program Files (x86)\Intel\OpenCL SDK\2.0\bin\x64;C:\Program Files\Sony\VAIO Improvement;C:\Program Files (x86)\Sony\VAIO BIOS Data Transfer Utility\;C:\Program Files (x86)\Sony\VAIO Startup Setting Tool;C:\Program Files (x86)\Microsoft ASP;C:\ProgramData\chocolatey\bin;C:\Ruby23-x64\bin;C:\Users\Tatyana\.dnx\bin;C:\Users\Tatyana\Desktop\ffmpeg-20160915-6f062eb-win64-static\bin\ ; C:\cygwin64\bin;C:\Windows\Microsoft.NET\Framework64\v4.0.30319\MSBuild.exe; C:\Program Files\MongoDB\Server\3.0\bin;C:\Users\Tatyana\AppData\Local\Programs\Git\cmd;C:\Program Files (x86)\Microsoft VS Code\bin;C:\Users\Tatyana\AppData\Local\Yarn\.bin;C:\Program Files\nodejs;C:\Users\Tatyana\AppData\Roaming\npm;C:\sqlite;C:\Program Files\MongoDB\Server\3.4\bin; C:\Program Files (x86)\Heroku\bin
10 verbose lifecycle node-js-getting-started@0.2.5~start: CWD: C:\toGit\about_portal
11 silly lifecycle node-js-getting-started@0.2.5~start: Args: [ '/d /s /c', 'node index.js' ]
12 silly lifecycle node-js-getting-started@0.2.5~start: Returned: code: 3221225786  signal: null
13 info lifecycle node-js-getting-started@0.2.5~start: Failed to exec start script
14 verbose stack Error: node-js-getting-started@0.2.5 start: `node index.js`
14 verbose stack Exit status 3221225786
14 verbose stack     at EventEmitter.<anonymous> (C:\Users\Tatyana\AppData\Roaming\npm\node_modules\npm\lib\utils\lifecycle.js:279:16)
14 verbose stack     at emitTwo (events.js:106:13)
14 verbose stack     at EventEmitter.emit (events.js:194:7)
14 verbose stack     at ChildProcess.<anonymous> (C:\Users\Tatyana\AppData\Roaming\npm\node_modules\npm\lib\utils\spawn.js:40:14)
14 verbose stack     at emitTwo (events.js:106:13)
14 verbose stack     at ChildProcess.emit (events.js:194:7)
14 verbose stack     at maybeClose (internal/child_process.js:899:16)
14 verbose stack     at Process.ChildProcess._handle.onexit (internal/child_process.js:226:5)
15 verbose pkgid node-js-getting-started@0.2.5
16 verbose cwd C:\toGit\about_portal
17 error Windows_NT 6.3.9600
18 error argv "C:\\Program Files\\nodejs\\node.exe" "C:\\Users\\Tatyana\\AppData\\Roaming\\npm\\node_modules\\npm\\bin\\npm-cli.js" "run" "start"
19 error node v7.8.0
20 error npm  v4.1.2
21 error code ELIFECYCLE
22 error node-js-getting-started@0.2.5 start: `node index.js`
22 error Exit status 3221225786
23 error Failed at the node-js-getting-started@0.2.5 start script 'node index.js'.
23 error Make sure you have the latest version of node.js and npm installed.
23 error If you do, this is most likely a problem with the node-js-getting-started package,
23 error not with npm itself.
23 error Tell the author that this fails on your system:
23 error     node index.js
23 error You can get information on how to open an issue for this project with:
23 error     npm bugs node-js-getting-started
23 error Or if that isn't available, you can get their info via:
23 error     npm owner ls node-js-getting-started
23 error There is likely additional logging output above.
24 verbose exit [ 1, true ]
